<?xml version="1.0" encoding="UTF-8"?>
<!-- Generated by org.testng.reporters.JUnitXMLReporter -->
<testsuite ignored="4" hostname="DESKTOP-9OKQOG7" failures="0" tests="2" name="DistrubutedTest 3" time="89.123" errors="0" timestamp="2022-03-16T12:47:03 IST">
  <testcase classname="com.crm.autodesk.organsationtest.CreateOrganisationTest" name="createOrganisationTest" time="34.218"/>
  <testcase classname="com.crm.autodesk.organsationtest.CreateOrganisationWithIndustryTest" name="createOrganisationWithIndustryTest" time="26.167"/>
  <testcase classname="com.crm.autodesk.GenericUtility.BaseClass" name="@AfterSuite as" time="0.0">
    <ignored/>
  </testcase> <!-- @AfterSuite as -->
  <testcase classname="com.crm.autodesk.GenericUtility.BaseClass" name="@BeforeSuite bs" time="0.0">
    <ignored/>
  </testcase> <!-- @BeforeSuite bs -->
  <testcase classname="com.crm.autodesk.GenericUtility.BaseClass" name="@BeforeTest ts" time="0.0">
    <ignored/>
  </testcase> <!-- @BeforeTest ts -->
  <testcase classname="com.crm.autodesk.GenericUtility.BaseClass" name="@AfterTest at" time="0.0">
    <ignored/>
  </testcase> <!-- @AfterTest at -->
</testsuite> <!-- DistrubutedTest 3 -->
